<?xml version="1.0" encoding="UTF-8"?>
<testsuite xmlns:xsi="http://www.w3.org/2001/XMLSchema-instance" xsi:noNamespaceSchemaLocation="https://maven.apache.org/surefire/maven-surefire-plugin/xsd/surefire-test-report.xsd" name="pe.edu.upeu.app.AppTest" time="0.037" tests="1" errors="0" skipped="0" failures="0">
  <properties>
    <property name="java.specification.version" value="14"/>
    <property name="sun.cpu.isalist" value="amd64"/>
    <property name="sun.jnu.encoding" value="Cp1252"/>
    <property name="java.class.path" value="E:\DESARROLLO\FundamentosProg2020II\ProyectosJava\ProyectoMvnUPeU\target\test-classes;E:\DESARROLLO\FundamentosProg2020II\ProyectosJava\ProyectoMvnUPeU\target\classes;C:\Users\LabSoftware\.m2\repository\junit\junit\4.11\junit-4.11.jar;C:\Users\LabSoftware\.m2\repository\org\hamcrest\hamcrest-core\1.3\hamcrest-core-1.3.jar;C:\Users\LabSoftware\.m2\repository\mysql\mysql-connector-java\8.0.20\mysql-connector-java-8.0.20.jar;C:\Users\LabSoftware\.m2\repository\com\google\protobuf\protobuf-java\3.6.1\protobuf-java-3.6.1.jar;"/>
    <property name="java.vm.vendor" value="Oracle Corporation"/>
    <property name="sun.arch.data.model" value="64"/>
    <property name="user.variant" value=""/>
    <property name="java.vendor.url" value="https://java.oracle.com/"/>
    <property name="user.timezone" value="America/Lima"/>
    <property name="os.name" value="Windows 10"/>
    <property name="java.vm.specification.version" value="14"/>
    <property name="sun.java.launcher" value="SUN_STANDARD"/>
    <property name="user.country" value="ES"/>
    <property name="sun.boot.library.path" value="E:\INSTALADORES\jdk-14.0.2\bin"/>
    <property name="sun.java.command" value="C:\Users\LABSOF~1\AppData\Local\Temp\surefire5992006918738357498\surefirebooter11255590691743265663.jar C:\Users\LabSoftware\AppData\Local\Temp\surefire5992006918738357498 2020-11-05T08-13-58_684-jvmRun1 surefire1180016968616474164tmp surefire_09692557287338777467tmp"/>
    <property name="jdk.debug" value="release"/>
    <property name="surefire.test.class.path" value="E:\DESARROLLO\FundamentosProg2020II\ProyectosJava\ProyectoMvnUPeU\target\test-classes;E:\DESARROLLO\FundamentosProg2020II\ProyectosJava\ProyectoMvnUPeU\target\classes;C:\Users\LabSoftware\.m2\repository\junit\junit\4.11\junit-4.11.jar;C:\Users\LabSoftware\.m2\repository\org\hamcrest\hamcrest-core\1.3\hamcrest-core-1.3.jar;C:\Users\LabSoftware\.m2\repository\mysql\mysql-connector-java\8.0.20\mysql-connector-java-8.0.20.jar;C:\Users\LabSoftware\.m2\repository\com\google\protobuf\protobuf-java\3.6.1\protobuf-java-3.6.1.jar;"/>
    <property name="sun.cpu.endian" value="little"/>
    <property name="user.home" value="C:\Users\LabSoftware"/>
    <property name="user.language" value="es"/>
    <property name="java.specification.vendor" value="Oracle Corporation"/>
    <property name="java.version.date" value="2020-07-14"/>
    <property name="java.home" value="E:\INSTALADORES\jdk-14.0.2"/>
    <property name="file.separator" value="\"/>
    <property name="basedir" value="E:\DESARROLLO\FundamentosProg2020II\ProyectosJava\ProyectoMvnUPeU"/>
    <property name="java.vm.compressedOopsMode" value="32-bit"/>
    <property name="line.separator" value="&#10;"/>
    <property name="java.vm.specification.vendor" value="Oracle Corporation"/>
    <property name="java.specification.name" value="Java Platform API Specification"/>
    <property name="surefire.real.class.path" value="C:\Users\LABSOF~1\AppData\Local\Temp\surefire5992006918738357498\surefirebooter11255590691743265663.jar"/>
    <property name="user.script" value=""/>
    <property name="sun.management.compiler" value="HotSpot 64-Bit Tiered Compilers"/>
    <property name="java.runtime.version" value="14.0.2+12-46"/>
    <property name="user.name" value="LabSoftware"/>
    <property name="path.separator" value=";"/>
    <property name="os.version" value="10.0"/>
    <property name="java.runtime.name" value="OpenJDK Runtime Environment"/>
    <property name="file.encoding" value="Cp1252"/>
    <property name="java.vm.name" value="OpenJDK 64-Bit Server VM"/>
    <property name="localRepository" value="C:\Users\LabSoftware\.m2\repository"/>
    <property name="java.vendor.url.bug" value="https://bugreport.java.com/bugreport/"/>
    <property name="java.io.tmpdir" value="C:\Users\LABSOF~1\AppData\Local\Temp\"/>
    <property name="java.version" value="14.0.2"/>
    <property name="user.dir" value="E:\DESARROLLO\FundamentosProg2020II\ProyectosJava\ProyectoMvnUPeU"/>
    <property name="os.arch" value="amd64"/>
    <property name="java.vm.specification.name" value="Java Virtual Machine Specification"/>
    <property name="sun.os.patch.level" value=""/>
    <property name="java.library.path" value="E:\INSTALADORES\jdk-14.0.2\bin;C:\Windows\Sun\Java\bin;C:\Windows\system32;C:\Windows;C:\app\LabSoftware\product\18.0.0\dbhomeXE\bin;C:\Program Files\Python38\Scripts\;C:\Program Files\Python38\;C:\Windows\system32;C:\Windows;C:\Windows\System32\Wbem;C:\Windows\System32\WindowsPowerShell\v1.0\;C:\Windows\System32\OpenSSH\;C:\Program Files\nodejs\;C:\Program Files\dotnet\;C:\Program Files\Microsoft SQL Server\130\Tools\Binn\;C:\Program Files\Microsoft SQL Server\Client SDK\ODBC\170\Tools\Binn\;C:\Program Files\Git\cmd;C:\Program Files\Git\mingw64\bin;C:\Program Files\Git\usr\bin;E:\INSTALADORES\jdk-14.0.2\bin;D:\DESARROLLO ANDROID\apache-maven-3.6.3\bin;D:\DESARROLLO ANDROID\flutter\bin;C:\Users\LabSoftware\AppData\Local\Android\Sdk\platform-tools;C:\Users\LabSoftware\AppData\Local\Programs\Python\Python38-32\Scripts\;C:\Users\LabSoftware\AppData\Local\Programs\Python\Python38-32\;C:\Users\LabSoftware\AppData\Local\Microsoft\WindowsApps;;C:\Program Files\JetBrains\PyCharm Edu 2019.2\bin;;C:\Users\LabSoftware\AppData\Roaming\npm;."/>
    <property name="java.vm.info" value="mixed mode, sharing"/>
    <property name="java.vendor" value="Oracle Corporation"/>
    <property name="java.vm.version" value="14.0.2+12-46"/>
    <property name="sun.io.unicode.encoding" value="UnicodeLittle"/>
    <property name="java.class.version" value="58.0"/>
  </properties>
  <testcase name="shouldAnswerWithTrue" classname="pe.edu.upeu.app.AppTest" time="0.001"/>
</testsuite>